{
  "numTotalTestSuites": 6,
  "numPassedTestSuites": 6,
  "numFailedTestSuites": 0,
  "numPendingTestSuites": 0,
  "numTotalTests": 10,
  "numPassedTests": 10,
  "numFailedTests": 0,
  "numPendingTests": 0,
  "numTodoTests": 0,
  "snapshot": {
    "added": 0,
    "failure": false,
    "filesAdded": 0,
    "filesRemoved": 0,
    "filesRemovedList": [],
    "filesUnmatched": 0,
    "filesUpdated": 0,
    "matched": 0,
    "total": 0,
    "unchecked": 0,
    "uncheckedKeysByFile": [],
    "unmatched": 0,
    "updated": 0,
    "didUpdate": false
  },
  "startTime": 1785768147212,
  "success": true,
  "testResults": [
    {
      "assertionResults": [
        {
          "ancestorTitles": ["APZQEP-161 platform-automation"],
          "fullName": "APZQEP-161 platform-automation registers Playwright as active and others as placeholders",
          "status": "passed",
          "title": "registers Playwright as active and others as placeholders",
          "duration": 2.3670110000000477,
          "failureMessages": [],
          "meta": {}
        },
        {
          "ancestorTitles": ["APZQEP-161 platform-automation"],
          "fullName": "APZQEP-161 platform-automation runs Playwright dry-run through full lifecycle with evidence",
          "status": "passed",
          "title": "runs Playwright dry-run through full lifecycle with evidence",
          "duration": 3.8382570000001124,
          "failureMessages": [],
          "meta": {}
        },
        {
          "ancestorTitles": ["APZQEP-161 platform-automation"],
          "fullName": "APZQEP-161 platform-automation rejects placeholder provider execution",
          "status": "passed",
          "title": "rejects placeholder provider execution",
          "duration": 1.7949069999999665,
          "failureMessages": [],
          "meta": {}
        },
        {
          "ancestorTitles": ["APZQEP-161 platform-automation"],
          "fullName": "APZQEP-161 platform-automation retries then fails when provider keeps failing",
          "status": "passed",
          "title": "retries then fails when provider keeps failing",
          "duration": 1.1467069999998785,
          "failureMessages": [],
          "meta": {}
        },
        {
          "ancestorTitles": ["APZQEP-161 platform-automation"],
          "fullName": "APZQEP-161 platform-automation enforces lifecycle transition rules",
          "status": "passed",
          "title": "enforces lifecycle transition rules",
          "duration": 0.3263550000001487,
          "failureMessages": [],
          "meta": {}
        },
        {
          "ancestorTitles": ["APZQEP-161 platform-automation"],
          "fullName": "APZQEP-161 platform-automation never exposes playwright types on public record",
          "status": "passed",
          "title": "never exposes playwright types on public record",
          "duration": 1.3783229999999094,
          "failureMessages": [],
          "meta": {}
        }
      ],
      "startTime": 1785768148701,
      "endTime": 1785768148712.3784,
      "status": "passed",
      "message": "",
      "name": "/home/ubuntu/apz-portal/packages/platform-automation/src/automation-engine.test.ts"
    },
    {
      "assertionResults": [
        {
          "ancestorTitles": ["APZQEP-161 qep-automation"],
          "fullName": "APZQEP-161 qep-automation exposes workspace routes under /workspace/qep/automation",
          "status": "passed",
          "title": "exposes workspace routes under /workspace/qep/automation",
          "duration": 2.0835930000000644,
          "failureMessages": [],
          "meta": {}
        },
        {
          "ancestorTitles": ["APZQEP-161 qep-automation"],
          "fullName": "APZQEP-161 qep-automation integrates platform automation for Playwright dry-run",
          "status": "passed",
          "title": "integrates platform automation for Playwright dry-run",
          "duration": 4.192161000000169,
          "failureMessages": [],
          "meta": {}
        }
      ],
      "startTime": 1785768148710,
      "endTime": 1785768148716.1921,
      "status": "passed",
      "message": "",
      "name": "/home/ubuntu/apz-portal/packages/qep-automation/src/qep-automation.test.ts"
    },
    {
      "assertionResults": [
        {
          "ancestorTitles": ["@apzhub/qep-types"],
          "fullName": "@apzhub/qep-types exports foundation version and product identity",
          "status": "passed",
          "title": "exports foundation version and product identity",
          "duration": 2.415706,
          "failureMessages": [],
          "meta": {}
        },
        {
          "ancestorTitles": ["@apzhub/qep-types"],
          "fullName": "@apzhub/qep-types registers all 22 product modules with catalogue statuses",
          "status": "passed",
          "title": "registers all 22 product modules with catalogue statuses",
          "duration": 2.3589509999999336,
          "failureMessages": [],
          "meta": {}
        }
      ],
      "startTime": 1785768148604,
      "endTime": 1785768148609.359,
      "status": "passed",
      "message": "",
      "name": "/home/ubuntu/apz-portal/packages/qep-types/src/types.test.ts"
    }
  ]
}
